<?xml version="1.0" encoding="utf-8"?><testsuites name="pytest tests"><testsuite name="pytest" errors="0" failures="1" skipped="0" tests="6" time="4.401" timestamp="2026-06-10T13:34:59.853119+05:30" hostname="Shreyas-MacBook-Air.local"><testcase classname="tests.test_checkout_flow" name="test_login_to_checkout_flow" time="0.821" /><testcase classname="tests.test_failure_logging_demo" name="test_failure_logging_demo" time="0.675"><failure message="AssertionError: Intentional failure to demonstrate logs and screenshots on error.&#10;assert 'this-intentional-failure' in 'https://www.saucedemo.com/inventory.html'&#10; +  where 'https://www.saucedemo.com/inventory.html' = &lt;Page url='https://www.saucedemo.com/inventory.html'&gt;.url">page = &lt;Page url='https://www.saucedemo.com/inventory.html'&gt;
failure_logger = &lt;Logger pytest.failure.test_failure_logging_demo (INFO)&gt;

    def test_failure_logging_demo(page, failure_logger):
        """This test is expected to fail so the failure-reporting hooks can be shown.
    
        It logs the steps in plain English and then intentionally fails.
        """
        failure_logger.info("Step 1: Open the Sauce Demo login page.")
        login_page = LoginPage(page)
    
        failure_logger.info("Step 2: Try logging in with standard demo credentials.")
        login_page.login("standard_user", "secret_sauce")
    
        failure_logger.info("Step 3: The next check is intentionally wrong to trigger a failure report.")
&gt;       assert "this-intentional-failure" in page.url, "Intentional failure to demonstrate logs and screenshots on error."
E       AssertionError: Intentional failure to demonstrate logs and screenshots on error.
E       assert 'this-intentional-failure' in 'https://www.saucedemo.com/inventory.html'
E        +  where 'https://www.saucedemo.com/inventory.html' = &lt;Page url='https://www.saucedemo.com/inventory.html'&gt;.url

tests/test_failure_logging_demo.py:18: AssertionError</failure></testcase><testcase classname="tests.test_login" name="test_successful_login" time="0.720" /><testcase classname="tests.test_login" name="test_invalid_credentials" time="0.699" /><testcase classname="tests.test_login" name="test_empty_username" time="0.697" /><testcase classname="tests.test_login" name="test_empty_password" time="0.703" /></testsuite></testsuites>