<?xml version="1.0" encoding="utf-8"?><testsuites name="pytest tests"><testsuite name="pytest" errors="0" failures="0" skipped="1" tests="6" time="4.964" timestamp="2026-06-10T13:34:00.240758+05:30" hostname="Shreyas-MacBook-Air.local"><testcase classname="tests.test_checkout_flow" name="test_login_to_checkout_flow" time="1.471" /><testcase classname="tests.test_failure_logging_demo" name="test_failure_logging_demo" time="0.673"><skipped type="pytest.xfail" message="" /></testcase><testcase classname="tests.test_login" name="test_successful_login" time="0.722" /><testcase classname="tests.test_login" name="test_invalid_credentials" time="0.719" /><testcase classname="tests.test_login" name="test_empty_username" time="0.663" /><testcase classname="tests.test_login" name="test_empty_password" time="0.702" /></testsuite></testsuites>