<?xml version="1.0" encoding="utf-8"?><testsuites name="pytest tests"><testsuite name="pytest" errors="0" failures="0" skipped="1" tests="6" time="6.764" timestamp="2026-06-10T14:27:49.867497+05:30" hostname="Shreyas-MacBook-Air.local"><testcase classname="tests.test_checkout_flow" name="test_login_to_checkout_flow" time="3.254" /><testcase classname="tests.test_failure_logging_demo" name="test_failure_logging_demo" time="0.696"><skipped type="pytest.xfail" message="" /></testcase><testcase classname="tests.test_login" name="test_successful_login" time="0.716" /><testcase classname="tests.test_login" name="test_invalid_credentials" time="0.652" /><testcase classname="tests.test_login" name="test_empty_username" time="0.695" /><testcase classname="tests.test_login" name="test_empty_password" time="0.738" /></testsuite></testsuites>